<?xml version="1.0" encoding="UTF-8"?>
<!-- Generated by org.testng.reporters.JUnitXMLReporter -->
<testsuite ignored="0" hostname="DESKTOP-PPF45DV" failures="0" tests="3" name="Selenium Academy Test" time="33.902" errors="0" timestamp="2021-02-25T12:56:21 IST">
  <testcase classname="com.htc.seleniumacademy.test.LoginPageTest" name="testBrowserStackSignin_InValidloginCredential_ShouldErrorInSigninPage" time="2.904"/>
  <testcase classname="com.htc.seleniumacademy.test.LoginPageTest" name="testLoginPage_enterCredantials_shouldLoginSuccessful" time="4.907"/>
  <testcase classname="com.htc.seleniumacademy.test.LoginPageTest" name="testLoginPage_enterCredantials_shouldLoginSuccessful" time="4.865"/>
</testsuite> <!-- Selenium Academy Test -->
