<?xml version="1.0" encoding="UTF-8"?>
<!-- Generated by org.testng.reporters.JUnitXMLReporter -->
<testsuite ignored="0" hostname="system" failures="0" tests="2" name="Default test" time="0.051" errors="0" timestamp="2021-02-27T05:08:53 PST">
  <testcase classname="com.htc.seleniumacademy.test.LoginPageTest" name="testBrowserStackSignin_InValidloginCredential_ShouldErrorInSigninPage" time="0.0">
    <skipped/>
  </testcase> <!-- testBrowserStackSignin_InValidloginCredential_ShouldErrorInSigninPage -->
  <testcase classname="com.htc.seleniumacademy.test.LoginPageTest" name="testLoginPage_enterCredantials_shouldLoginSuccessful" time="0.0">
    <skipped/>
  </testcase> <!-- testLoginPage_enterCredantials_shouldLoginSuccessful -->
</testsuite> <!-- Default test -->
